<?xml version="1.0" encoding="UTF-8"?>
<!-- Generated by org.testng.reporters.JUnitXMLReporter -->
<testsuite hostname="DESKTOP-HF3J3C8" ignored="0" name="Default test" tests="3" failures="0" timestamp="2022-10-08T15:44:56 IST" time="84.336" errors="0">
  <testcase name="register" time="25.837" classname="TestNg.AutomateWebApp"/>
  <testcase name="login" time="21.641" classname="TestNg.AutomateWebApp"/>
  <testcase name="search" time="36.766" classname="TestNg.AutomateWebApp"/>
</testsuite> <!-- Default test -->
