<?xml version="1.0" encoding="UTF-8"?>
<testng-results skipped="0" failed="0" ignored="0" total="3" passed="3">
  <reporter-output>
  </reporter-output>
  <suite name="Default suite" duration-ms="84336" started-at="2022-10-08T15:43:32 IST" finished-at="2022-10-08T15:44:56 IST">
    <groups>
    </groups>
    <test name="Default test" duration-ms="84336" started-at="2022-10-08T15:43:32 IST" finished-at="2022-10-08T15:44:56 IST">
      <class name="TestNg.AutomateWebApp">
        <test-method status="PASS" signature="register()[pri:1, instance:TestNg.AutomateWebApp@3fd7a715]" name="register" duration-ms="25837" started-at="2022-10-08T15:43:32 IST" finished-at="2022-10-08T15:43:58 IST">
          <reporter-output>
          </reporter-output>
        </test-method> <!-- register -->
        <test-method status="PASS" signature="login()[pri:2, instance:TestNg.AutomateWebApp@3fd7a715]" name="login" duration-ms="21641" started-at="2022-10-08T15:43:58 IST" finished-at="2022-10-08T15:44:19 IST">
          <reporter-output>
          </reporter-output>
        </test-method> <!-- login -->
        <test-method status="PASS" signature="search()[pri:3, instance:TestNg.AutomateWebApp@3fd7a715]" name="search" duration-ms="36766" started-at="2022-10-08T15:44:19 IST" finished-at="2022-10-08T15:44:56 IST">
          <reporter-output>
          </reporter-output>
        </test-method> <!-- search -->
      </class> <!-- TestNg.AutomateWebApp -->
    </test> <!-- Default test -->
  </suite> <!-- Default suite -->
</testng-results>
